  [1m[35m (1983.5ms)[0m  [1m[35mCREATE DATABASE "music_app_development" ENCODING = 'unicode'[0m
  ↳ bin/rails:9
  [1m[35m (1051.3ms)[0m  [1m[35mCREATE DATABASE "music_app_test" ENCODING = 'unicode'[0m
  ↳ bin/rails:9
  [1m[35m (15.3ms)[0m  [1m[35mCREATE TABLE "schema_migrations" ("version" character varying NOT NULL PRIMARY KEY)[0m
  ↳ bin/rails:9
  [1m[35m (4.7ms)[0m  [1m[35mCREATE TABLE "ar_internal_metadata" ("key" character varying NOT NULL PRIMARY KEY, "value" character varying, "created_at" timestamp NOT NULL, "updated_at" timestamp NOT NULL)[0m
  ↳ bin/rails:9
  [1m[35m (0.1ms)[0m  [1m[34mSELECT pg_try_advisory_lock(4505726345591715405)[0m
  ↳ bin/rails:9
  [1m[35m (4.4ms)[0m  [1m[34mSELECT "schema_migrations"."version" FROM "schema_migrations" ORDER BY "schema_migrations"."version" ASC[0m
  ↳ bin/rails:9
Migrating to CreateUsers (20201208151354)
  [1m[35m (0.1ms)[0m  [1m[35mBEGIN[0m
  ↳ bin/rails:9
  [1m[35m (6.2ms)[0m  [1m[35mCREATE TABLE "users" ("id" bigserial primary key, "email" character varying NOT NULL, "password_digest" character varying NOT NULL, "session_token" character varying NOT NULL)[0m
  ↳ db/migrate/20201208151354_create_users.rb:3
  [1m[35m (1.6ms)[0m  [1m[35mCREATE UNIQUE INDEX  "index_users_on_email" ON "users"  ("email")[0m
  ↳ db/migrate/20201208151354_create_users.rb:8
  [1m[35m (1.4ms)[0m  [1m[35mCREATE UNIQUE INDEX  "index_users_on_session_token" ON "users"  ("session_token")[0m
  ↳ db/migrate/20201208151354_create_users.rb:9
  [1m[36mActiveRecord::SchemaMigration Create (0.5ms)[0m  [1m[32mINSERT INTO "schema_migrations" ("version") VALUES ($1) RETURNING "version"[0m  [["version", "20201208151354"]]
  ↳ bin/rails:9
  [1m[35m (0.2ms)[0m  [1m[35mCOMMIT[0m
  ↳ bin/rails:9
  [1m[36mActiveRecord::InternalMetadata Load (5.0ms)[0m  [1m[34mSELECT  "ar_internal_metadata".* FROM "ar_internal_metadata" WHERE "ar_internal_metadata"."key" = $1 LIMIT $2[0m  [["key", "environment"], ["LIMIT", 1]]
  ↳ bin/rails:9
  [1m[35m (0.1ms)[0m  [1m[35mBEGIN[0m
  ↳ bin/rails:9
  [1m[36mActiveRecord::InternalMetadata Create (0.5ms)[0m  [1m[32mINSERT INTO "ar_internal_metadata" ("key", "value", "created_at", "updated_at") VALUES ($1, $2, $3, $4) RETURNING "key"[0m  [["key", "environment"], ["value", "development"], ["created_at", "2020-12-08 15:18:00.192624"], ["updated_at", "2020-12-08 15:18:00.192624"]]
  ↳ bin/rails:9
  [1m[35m (0.2ms)[0m  [1m[35mCOMMIT[0m
  ↳ bin/rails:9
  [1m[35m (0.1ms)[0m  [1m[34mSELECT pg_advisory_unlock(4505726345591715405)[0m
  ↳ bin/rails:9
  [1m[35m (0.2ms)[0m  [1m[34mSELECT "schema_migrations"."version" FROM "schema_migrations" ORDER BY "schema_migrations"."version" ASC[0m
  ↳ bin/rails:9
  [1m[36mUser Load (11.5ms)[0m  [1m[34mSELECT "users".* FROM "users"[0m
  [1m[36mUser Load (0.7ms)[0m  [1m[34mSELECT "users".* FROM "users"[0m
  [1m[36mUser Load (0.7ms)[0m  [1m[34mSELECT "users".* FROM "users"[0m
  [1m[36mUser Load (0.9ms)[0m  [1m[34mSELECT "users".* FROM "users"[0m
  [1m[35m (0.1ms)[0m  [1m[35mBEGIN[0m
  [1m[36mUser Exists (0.4ms)[0m  [1m[34mSELECT  1 AS one FROM "users" WHERE "users"."email" = $1 LIMIT $2[0m  [["email", "juans"], ["LIMIT", 1]]
  [1m[36mUser Exists (0.1ms)[0m  [1m[34mSELECT  1 AS one FROM "users" WHERE "users"."session_token" = $1 LIMIT $2[0m  [["session_token", "H9e6RVI2rhhzEyXVeojfeA"], ["LIMIT", 1]]
  [1m[36mUser Create (1.9ms)[0m  [1m[32mINSERT INTO "users" ("email", "password_digest", "session_token") VALUES ($1, $2, $3) RETURNING "id"[0m  [["email", "juans"], ["password_digest", "$2a$12$ecaxZzNTPKmul9MpfukL6.yZZHsp6C8/SoeARvtIexsQAOQy5DDTi"], ["session_token", "H9e6RVI2rhhzEyXVeojfeA"]]
  [1m[35m (4.6ms)[0m  [1m[35mCOMMIT[0m
  [1m[36mUser Load (0.4ms)[0m  [1m[34mSELECT "users".* FROM "users"[0m
  [1m[35m (0.1ms)[0m  [1m[35mBEGIN[0m
  [1m[36mUser Destroy (0.3ms)[0m  [1m[31mDELETE FROM "users" WHERE "users"."id" = $1[0m  [["id", 1]]
  [1m[35m (1.1ms)[0m  [1m[35mCOMMIT[0m
  [1m[36mUser Load (0.3ms)[0m  [1m[34mSELECT "users".* FROM "users"[0m
  [1m[35m (0.1ms)[0m  [1m[35mBEGIN[0m
  [1m[36mUser Exists (0.3ms)[0m  [1m[34mSELECT  1 AS one FROM "users" WHERE "users"."email" = $1 LIMIT $2[0m  [["email", "juans"], ["LIMIT", 1]]
  [1m[36mUser Exists (0.2ms)[0m  [1m[34mSELECT  1 AS one FROM "users" WHERE "users"."session_token" = $1 LIMIT $2[0m  [["session_token", "QbJkhr5uvFu_Df2wzE7dvQ"], ["LIMIT", 1]]
  [1m[35m (0.2ms)[0m  [1m[31mROLLBACK[0m
  [1m[36mUser Load (0.3ms)[0m  [1m[34mSELECT "users".* FROM "users"[0m
Started GET "/cats" for ::1 at 2020-12-08 14:45:23 -0500
  [1m[35m (9.7ms)[0m  [1m[34mSELECT "schema_migrations"."version" FROM "schema_migrations" ORDER BY "schema_migrations"."version" ASC[0m
  ↳ /home/juansanchez/.rbenv/versions/2.5.1/lib/ruby/gems/2.5.0/gems/activerecord-5.2.4.4/lib/active_record/log_subscriber.rb:98
  
ActionController::RoutingError (No route matches [GET] "/cats"):
  
actionpack (5.2.4.4) lib/action_dispatch/middleware/debug_exceptions.rb:65:in `call'
web-console (3.7.0) lib/web_console/middleware.rb:135:in `call_app'
web-console (3.7.0) lib/web_console/middleware.rb:30:in `block in call'
web-console (3.7.0) lib/web_console/middleware.rb:20:in `catch'
web-console (3.7.0) lib/web_console/middleware.rb:20:in `call'
actionpack (5.2.4.4) lib/action_dispatch/middleware/show_exceptions.rb:33:in `call'
railties (5.2.4.4) lib/rails/rack/logger.rb:38:in `call_app'
railties (5.2.4.4) lib/rails/rack/logger.rb:26:in `block in call'
activesupport (5.2.4.4) lib/active_support/tagged_logging.rb:71:in `block in tagged'
activesupport (5.2.4.4) lib/active_support/tagged_logging.rb:28:in `tagged'
activesupport (5.2.4.4) lib/active_support/tagged_logging.rb:71:in `tagged'
railties (5.2.4.4) lib/rails/rack/logger.rb:26:in `call'
sprockets-rails (3.2.2) lib/sprockets/rails/quiet_assets.rb:13:in `call'
actionpack (5.2.4.4) lib/action_dispatch/middleware/remote_ip.rb:81:in `call'
actionpack (5.2.4.4) lib/action_dispatch/middleware/request_id.rb:27:in `call'
rack (2.2.3) lib/rack/method_override.rb:24:in `call'
rack (2.2.3) lib/rack/runtime.rb:22:in `call'
activesupport (5.2.4.4) lib/active_support/cache/strategy/local_cache_middleware.rb:29:in `call'
actionpack (5.2.4.4) lib/action_dispatch/middleware/executor.rb:14:in `call'
actionpack (5.2.4.4) lib/action_dispatch/middleware/static.rb:127:in `call'
rack (2.2.3) lib/rack/sendfile.rb:110:in `call'
railties (5.2.4.4) lib/rails/engine.rb:524:in `call'
puma (3.12.6) lib/puma/configuration.rb:227:in `call'
puma (3.12.6) lib/puma/server.rb:706:in `handle_request'
puma (3.12.6) lib/puma/server.rb:476:in `process_client'
puma (3.12.6) lib/puma/server.rb:334:in `block in run'
puma (3.12.6) lib/puma/thread_pool.rb:135:in `block in spawn_thread'
Started GET "/users/new" for ::1 at 2020-12-08 14:45:31 -0500

SyntaxError - syntax error, unexpected ':', expecting keyword_end
        render: show
              ^:
  app/controllers/users_controller.rb:24:in `'

Started POST "/__better_errors/307ea408e70c385b/variables" for ::1 at 2020-12-08 14:45:31 -0500
Started GET "/users/new" for ::1 at 2020-12-08 14:45:48 -0500
Processing by UsersController#new as HTML
  Rendering users/new.html.erb within layouts/application
  Rendered users/new.html.erb within layouts/application (0.2ms)
Completed 200 OK in 352ms (Views: 341.3ms | ActiveRecord: 3.6ms)


Started GET "/users/new" for ::1 at 2020-12-08 15:02:00 -0500
Processing by UsersController#new as HTML
  Rendering users/new.html.erb within layouts/application
  Rendered users/new.html.erb within layouts/application (0.3ms)
Completed 200 OK in 24ms (Views: 23.8ms | ActiveRecord: 0.0ms)


Started GET "/users/new" for ::1 at 2020-12-08 15:02:24 -0500
Processing by UsersController#new as HTML
  Rendering users/new.html.erb within layouts/application
  Rendered users/new.html.erb within layouts/application (0.3ms)
Completed 200 OK in 14ms (Views: 13.2ms | ActiveRecord: 0.0ms)


Started GET "/users/new" for ::1 at 2020-12-08 15:02:55 -0500
Processing by UsersController#new as HTML
  Rendering users/new.html.erb within layouts/application
  Rendered users/new.html.erb within layouts/application (0.4ms)
Completed 200 OK in 20ms (Views: 18.9ms | ActiveRecord: 0.0ms)


Started POST "/users/new" for ::1 at 2020-12-08 15:03:04 -0500
  
ActionController::RoutingError (No route matches [POST] "/users/new"):
  
actionpack (5.2.4.4) lib/action_dispatch/middleware/debug_exceptions.rb:65:in `call'
web-console (3.7.0) lib/web_console/middleware.rb:135:in `call_app'
web-console (3.7.0) lib/web_console/middleware.rb:30:in `block in call'
web-console (3.7.0) lib/web_console/middleware.rb:20:in `catch'
web-console (3.7.0) lib/web_console/middleware.rb:20:in `call'
actionpack (5.2.4.4) lib/action_dispatch/middleware/show_exceptions.rb:33:in `call'
railties (5.2.4.4) lib/rails/rack/logger.rb:38:in `call_app'
railties (5.2.4.4) lib/rails/rack/logger.rb:26:in `block in call'
activesupport (5.2.4.4) lib/active_support/tagged_logging.rb:71:in `block in tagged'
activesupport (5.2.4.4) lib/active_support/tagged_logging.rb:28:in `tagged'
activesupport (5.2.4.4) lib/active_support/tagged_logging.rb:71:in `tagged'
railties (5.2.4.4) lib/rails/rack/logger.rb:26:in `call'
sprockets-rails (3.2.2) lib/sprockets/rails/quiet_assets.rb:13:in `call'
actionpack (5.2.4.4) lib/action_dispatch/middleware/remote_ip.rb:81:in `call'
actionpack (5.2.4.4) lib/action_dispatch/middleware/request_id.rb:27:in `call'
rack (2.2.3) lib/rack/method_override.rb:24:in `call'
rack (2.2.3) lib/rack/runtime.rb:22:in `call'
activesupport (5.2.4.4) lib/active_support/cache/strategy/local_cache_middleware.rb:29:in `call'
actionpack (5.2.4.4) lib/action_dispatch/middleware/executor.rb:14:in `call'
actionpack (5.2.4.4) lib/action_dispatch/middleware/static.rb:127:in `call'
rack (2.2.3) lib/rack/sendfile.rb:110:in `call'
railties (5.2.4.4) lib/rails/engine.rb:524:in `call'
puma (3.12.6) lib/puma/configuration.rb:227:in `call'
puma (3.12.6) lib/puma/server.rb:706:in `handle_request'
puma (3.12.6) lib/puma/server.rb:476:in `process_client'
puma (3.12.6) lib/puma/server.rb:334:in `block in run'
puma (3.12.6) lib/puma/thread_pool.rb:135:in `block in spawn_thread'
Started GET "/users/new" for ::1 at 2020-12-08 15:03:30 -0500
Processing by UsersController#new as HTML
  Rendering users/new.html.erb within layouts/application
  Rendered users/new.html.erb within layouts/application (1.8ms)
Completed 500 Internal Server Error in 5ms (ActiveRecord: 0.0ms)



ActionController::UrlGenerationError - No route matches {:action=>"show", :controller=>"users"}, missing required keys: [:id]:
  app/views/users/new.html.erb:3:in `_app_views_users_new_html_erb___4101010795000155389_70151814813220'
  app/controllers/users_controller.rb:7:in `new'

Started POST "/__better_errors/ac087b51ee047b3a/variables" for ::1 at 2020-12-08 15:03:30 -0500
Started GET "/cats" for ::1 at 2020-12-08 15:03:51 -0500
  
ActionController::RoutingError (No route matches [GET] "/cats"):
  
actionpack (5.2.4.4) lib/action_dispatch/middleware/debug_exceptions.rb:65:in `call'
web-console (3.7.0) lib/web_console/middleware.rb:135:in `call_app'
web-console (3.7.0) lib/web_console/middleware.rb:30:in `block in call'
web-console (3.7.0) lib/web_console/middleware.rb:20:in `catch'
web-console (3.7.0) lib/web_console/middleware.rb:20:in `call'
actionpack (5.2.4.4) lib/action_dispatch/middleware/show_exceptions.rb:33:in `call'
railties (5.2.4.4) lib/rails/rack/logger.rb:38:in `call_app'
railties (5.2.4.4) lib/rails/rack/logger.rb:26:in `block in call'
activesupport (5.2.4.4) lib/active_support/tagged_logging.rb:71:in `block in tagged'
activesupport (5.2.4.4) lib/active_support/tagged_logging.rb:28:in `tagged'
activesupport (5.2.4.4) lib/active_support/tagged_logging.rb:71:in `tagged'
railties (5.2.4.4) lib/rails/rack/logger.rb:26:in `call'
sprockets-rails (3.2.2) lib/sprockets/rails/quiet_assets.rb:13:in `call'
actionpack (5.2.4.4) lib/action_dispatch/middleware/remote_ip.rb:81:in `call'
actionpack (5.2.4.4) lib/action_dispatch/middleware/request_id.rb:27:in `call'
rack (2.2.3) lib/rack/method_override.rb:24:in `call'
rack (2.2.3) lib/rack/runtime.rb:22:in `call'
activesupport (5.2.4.4) lib/active_support/cache/strategy/local_cache_middleware.rb:29:in `call'
actionpack (5.2.4.4) lib/action_dispatch/middleware/executor.rb:14:in `call'
actionpack (5.2.4.4) lib/action_dispatch/middleware/static.rb:127:in `call'
rack (2.2.3) lib/rack/sendfile.rb:110:in `call'
railties (5.2.4.4) lib/rails/engine.rb:524:in `call'
puma (3.12.6) lib/puma/configuration.rb:227:in `call'
puma (3.12.6) lib/puma/server.rb:706:in `handle_request'
puma (3.12.6) lib/puma/server.rb:476:in `process_client'
puma (3.12.6) lib/puma/server.rb:334:in `block in run'
puma (3.12.6) lib/puma/thread_pool.rb:135:in `block in spawn_thread'
Started GET "/" for ::1 at 2020-12-08 15:03:52 -0500
Processing by Rails::WelcomeController#index as HTML
  Rendering /home/juansanchez/.rbenv/versions/2.5.1/lib/ruby/gems/2.5.0/gems/railties-5.2.4.4/lib/rails/templates/rails/welcome/index.html.erb
  Rendered /home/juansanchez/.rbenv/versions/2.5.1/lib/ruby/gems/2.5.0/gems/railties-5.2.4.4/lib/rails/templates/rails/welcome/index.html.erb (1.4ms)
Completed 200 OK in 17ms (Views: 3.3ms | ActiveRecord: 0.0ms)


Started GET "/users" for ::1 at 2020-12-08 15:03:58 -0500

AbstractController::ActionNotFound - The action 'index' could not be found for UsersController:

Started POST "/__better_errors/c05a36a3dd85cb00/variables" for ::1 at 2020-12-08 15:03:58 -0500
Started GET "/users/new" for ::1 at 2020-12-08 15:04:03 -0500
Processing by UsersController#new as HTML
  Rendering users/new.html.erb within layouts/application
  Rendered users/new.html.erb within layouts/application (2.7ms)
Completed 500 Internal Server Error in 6ms (ActiveRecord: 0.0ms)



ActionController::UrlGenerationError - No route matches {:action=>"show", :controller=>"users"}, missing required keys: [:id]:
  app/views/users/new.html.erb:3:in `_app_views_users_new_html_erb___4101010795000155389_70151725215020'
  app/controllers/users_controller.rb:7:in `new'

Started POST "/__better_errors/b677b6e5059dc60e/variables" for ::1 at 2020-12-08 15:04:03 -0500
Started POST "/__better_errors/b677b6e5059dc60e/eval" for ::1 at 2020-12-08 15:04:15 -0500
Started GET "/users/new" for ::1 at 2020-12-08 15:05:13 -0500
Processing by UsersController#new as HTML
  Rendering users/new.html.erb within layouts/application
  Rendered users/new.html.erb within layouts/application (1.4ms)
Completed 500 Internal Server Error in 4ms (ActiveRecord: 0.0ms)



ActionController::UrlGenerationError - No route matches {:action=>"show", :controller=>"users", :id=>nil}, missing required keys: [:id]:
  app/views/users/new.html.erb:3:in `_app_views_users_new_html_erb___4101010795000155389_70151721606460'
  app/controllers/users_controller.rb:7:in `new'

Started POST "/__better_errors/bf7ef99b7dc78e77/variables" for ::1 at 2020-12-08 15:05:13 -0500
Started GET "/users/new" for ::1 at 2020-12-08 15:07:05 -0500
Processing by UsersController#new as HTML
  Rendering users/new.html.erb within layouts/application
  Rendered users/new.html.erb within layouts/application (1.7ms)
Completed 500 Internal Server Error in 14ms (ActiveRecord: 5.2ms)



ActionController::UrlGenerationError - No route matches {:action=>"show", :controller=>"users", :id=>nil}, missing required keys: [:id]:
  app/views/users/new.html.erb:3:in `_app_views_users_new_html_erb___4101010795000155389_70151648129860'
  app/controllers/users_controller.rb:7:in `new'

Started POST "/__better_errors/bd7b0b3d6bdf70dc/variables" for ::1 at 2020-12-08 15:07:05 -0500
Started POST "/__better_errors/bd7b0b3d6bdf70dc/eval" for ::1 at 2020-12-08 15:09:34 -0500
Started GET "/users/new" for ::1 at 2020-12-08 15:10:24 -0500
Processing by UsersController#new as HTML
  Rendering users/new.html.erb within layouts/application
  Rendered users/new.html.erb within layouts/application (0.3ms)
Completed 200 OK in 14ms (Views: 13.3ms | ActiveRecord: 0.0ms)


Started POST "/users" for ::1 at 2020-12-08 15:10:31 -0500
Processing by UsersController#create as HTML
  Parameters: {"user"=>{"email"=>"jujuju", "password"=>"[FILTERED]"}}
Can't verify CSRF token authenticity.
Completed 422 Unprocessable Entity in 0ms (ActiveRecord: 0.0ms)



ActionController::InvalidAuthenticityToken - ActionController::InvalidAuthenticityToken:

Started POST "/__better_errors/d530a99bdd295193/variables" for ::1 at 2020-12-08 15:10:31 -0500
Started POST "/__better_errors/d530a99bdd295193/eval" for ::1 at 2020-12-08 15:10:46 -0500
Started POST "/__better_errors/d530a99bdd295193/eval" for ::1 at 2020-12-08 15:10:48 -0500
Started GET "/users/new" for ::1 at 2020-12-08 15:16:06 -0500
Processing by UsersController#new as HTML
  Rendering users/new.html.erb within layouts/application
  Rendered users/new.html.erb within layouts/application (0.3ms)
Completed 200 OK in 13ms (Views: 12.3ms | ActiveRecord: 0.0ms)


Started POST "/users" for ::1 at 2020-12-08 15:16:12 -0500
Processing by UsersController#create as HTML
  Parameters: {"authenticity_token"=>"0+VgAL9RA20JRtwsug/miyOAK+RAEM6709xw8YqgL3KS8Pz4uUWPKTAqfp/fYjCUfSOvi9EOrKVU5lvPH5D0qw==", "user"=>{"email"=>"jujuju", "password"=>"[FILTERED]"}}
Completed 500 Internal Server Error in 7ms (ActiveRecord: 0.0ms)



NoMethodError - undefined method `+' for :user:Symbol:
  app/controllers/users_controller.rb:30:in `user_params'
  app/controllers/users_controller.rb:12:in `create'

Started POST "/__better_errors/18d56a2fe6aa38df/variables" for ::1 at 2020-12-08 15:16:12 -0500
Started POST "/users" for ::1 at 2020-12-08 15:17:00 -0500
Processing by UsersController#create as HTML
  Parameters: {"authenticity_token"=>"0+VgAL9RA20JRtwsug/miyOAK+RAEM6709xw8YqgL3KS8Pz4uUWPKTAqfp/fYjCUfSOvi9EOrKVU5lvPH5D0qw==", "user"=>{"email"=>"jujuju", "password"=>"[FILTERED]"}}
Completed 500 Internal Server Error in 2ms (ActiveRecord: 0.0ms)



TypeError - no implicit conversion of Symbol into String:
  app/controllers/users_controller.rb:30:in `user_params'
  app/controllers/users_controller.rb:12:in `create'

Started POST "/__better_errors/6e66953b998fefa6/variables" for ::1 at 2020-12-08 15:17:01 -0500
Started POST "/users" for ::1 at 2020-12-08 15:17:13 -0500
Processing by UsersController#create as HTML
  Parameters: {"authenticity_token"=>"0+VgAL9RA20JRtwsug/miyOAK+RAEM6709xw8YqgL3KS8Pz4uUWPKTAqfp/fYjCUfSOvi9EOrKVU5lvPH5D0qw==", "user"=>{"email"=>"jujuju", "password"=>"[FILTERED]"}}
Completed 500 Internal Server Error in 2ms (ActiveRecord: 0.0ms)



NoMethodError - undefined method `+' for :user:Symbol:
  app/controllers/users_controller.rb:30:in `user_params'
  app/controllers/users_controller.rb:12:in `create'

Started POST "/__better_errors/e56716eaea9e6f2c/variables" for ::1 at 2020-12-08 15:17:13 -0500
Started POST "/users" for ::1 at 2020-12-08 15:17:47 -0500
Processing by UsersController#create as HTML
  Parameters: {"authenticity_token"=>"0+VgAL9RA20JRtwsug/miyOAK+RAEM6709xw8YqgL3KS8Pz4uUWPKTAqfp/fYjCUfSOvi9EOrKVU5lvPH5D0qw==", "user"=>{"email"=>"jujuju", "password"=>"[FILTERED]"}}
  [1m[35m (0.1ms)[0m  [1m[35mBEGIN[0m
  ↳ app/controllers/users_controller.rb:13
  [1m[36mUser Exists (17.0ms)[0m  [1m[34mSELECT  1 AS one FROM "users" WHERE "users"."email" = $1 LIMIT $2[0m  [["email", "jujuju"], ["LIMIT", 1]]
  ↳ app/controllers/users_controller.rb:13
  [1m[36mUser Exists (0.3ms)[0m  [1m[34mSELECT  1 AS one FROM "users" WHERE "users"."session_token" = $1 LIMIT $2[0m  [["session_token", "QjINt8UoKd7SCZpnY0hqeQ"], ["LIMIT", 1]]
  ↳ app/controllers/users_controller.rb:13
  [1m[36mUser Create (0.3ms)[0m  [1m[32mINSERT INTO "users" ("email", "password_digest", "session_token") VALUES ($1, $2, $3) RETURNING "id"[0m  [["email", "jujuju"], ["password_digest", "$2a$12$oNUQ/zqvEsEdW4WEo/coI.B9AlfnJzkkpgBYKTZcxUei.CyNiy7VW"], ["session_token", "QjINt8UoKd7SCZpnY0hqeQ"]]
  ↳ app/controllers/users_controller.rb:13
  [1m[35m (5.9ms)[0m  [1m[35mCOMMIT[0m
  ↳ app/controllers/users_controller.rb:13
Completed 500 Internal Server Error in 272ms (ActiveRecord: 26.3ms)



NoMethodError - undefined method `log_in_user!' for #<UsersController:0x00007f9af8466050>
Did you mean?  log_in_user:
  app/controllers/users_controller.rb:14:in `create'

Started POST "/__better_errors/4fcd30ff12744bc9/variables" for ::1 at 2020-12-08 15:17:47 -0500
Started POST "/users" for ::1 at 2020-12-08 15:18:12 -0500
Processing by UsersController#create as HTML
  Parameters: {"authenticity_token"=>"0+VgAL9RA20JRtwsug/miyOAK+RAEM6709xw8YqgL3KS8Pz4uUWPKTAqfp/fYjCUfSOvi9EOrKVU5lvPH5D0qw==", "user"=>{"email"=>"jujuju", "password"=>"[FILTERED]"}}
  [1m[35m (0.1ms)[0m  [1m[35mBEGIN[0m
  ↳ app/controllers/users_controller.rb:13
  [1m[36mUser Exists (0.3ms)[0m  [1m[34mSELECT  1 AS one FROM "users" WHERE "users"."email" = $1 LIMIT $2[0m  [["email", "jujuju"], ["LIMIT", 1]]
  ↳ app/controllers/users_controller.rb:13
  [1m[36mUser Exists (0.2ms)[0m  [1m[34mSELECT  1 AS one FROM "users" WHERE "users"."session_token" = $1 LIMIT $2[0m  [["session_token", "PYHtiV3OCdR7DQceGxjiDg"], ["LIMIT", 1]]
  ↳ app/controllers/users_controller.rb:13
  [1m[35m (0.1ms)[0m  [1m[31mROLLBACK[0m
  ↳ app/controllers/users_controller.rb:13
  Rendering users/new.html.erb within layouts/application
  Rendered users/new.html.erb within layouts/application (0.5ms)
Completed 200 OK in 216ms (Views: 18.3ms | ActiveRecord: 3.5ms)


  [1m[36mUser Load (0.5ms)[0m  [1m[34mSELECT "users".* FROM "users"[0m
  [1m[36mUser Load (0.3ms)[0m  [1m[34mSELECT  "users".* FROM "users" ORDER BY "users"."id" ASC LIMIT $1[0m  [["LIMIT", 1]]
  [1m[35m (0.1ms)[0m  [1m[35mBEGIN[0m
  [1m[36mUser Destroy (0.4ms)[0m  [1m[31mDELETE FROM "users" WHERE "users"."id" = $1[0m  [["id", 2]]
  [1m[35m (6.8ms)[0m  [1m[35mCOMMIT[0m
  [1m[36mUser Load (0.4ms)[0m  [1m[34mSELECT "users".* FROM "users"[0m
Started GET "/users" for ::1 at 2020-12-08 15:19:11 -0500

AbstractController::ActionNotFound - The action 'index' could not be found for UsersController:

Started POST "/__better_errors/81363daf6c538324/variables" for ::1 at 2020-12-08 15:19:11 -0500
Started GET "/users" for ::1 at 2020-12-08 15:19:18 -0500

AbstractController::ActionNotFound - The action 'index' could not be found for UsersController:

Started POST "/__better_errors/c5bce5062e47a2e0/variables" for ::1 at 2020-12-08 15:19:18 -0500
Started GET "/users/new" for 127.0.0.1 at 2020-12-08 15:19:36 -0500
  [1m[35m (0.5ms)[0m  [1m[34mSELECT "schema_migrations"."version" FROM "schema_migrations" ORDER BY "schema_migrations"."version" ASC[0m
  ↳ /home/juansanchez/.rbenv/versions/2.5.1/lib/ruby/gems/2.5.0/gems/activerecord-5.2.4.4/lib/active_record/log_subscriber.rb:98
Processing by UsersController#new as HTML
  Rendering users/new.html.erb within layouts/application
  Rendered users/new.html.erb within layouts/application (1.1ms)
Completed 200 OK in 320ms (Views: 309.9ms | ActiveRecord: 3.3ms)


Started POST "/users" for 127.0.0.1 at 2020-12-08 15:19:43 -0500
Processing by UsersController#create as HTML
  Parameters: {"authenticity_token"=>"vttrbUvlN49cXiKRzGHTT8kqxL6XFSX1F4BpsNI/m3L/zveVTfG7y2UygCKpDAVQl4lA0QYLR+uQukKORw9Aqw==", "user"=>{"email"=>"jujuju", "password"=>"[FILTERED]"}}
  [1m[35m (0.1ms)[0m  [1m[35mBEGIN[0m
  ↳ app/controllers/users_controller.rb:13
  [1m[36mUser Exists (0.7ms)[0m  [1m[34mSELECT  1 AS one FROM "users" WHERE "users"."email" = $1 LIMIT $2[0m  [["email", "jujuju"], ["LIMIT", 1]]
  ↳ app/controllers/users_controller.rb:13
  [1m[36mUser Exists (0.1ms)[0m  [1m[34mSELECT  1 AS one FROM "users" WHERE "users"."session_token" = $1 LIMIT $2[0m  [["session_token", "NOZDGjVfgAJ0VkChzywQKg"], ["LIMIT", 1]]
  ↳ app/controllers/users_controller.rb:13
  [1m[36mUser Create (0.3ms)[0m  [1m[32mINSERT INTO "users" ("email", "password_digest", "session_token") VALUES ($1, $2, $3) RETURNING "id"[0m  [["email", "jujuju"], ["password_digest", "$2a$12$AWSnrzTmGReLS8xkHS.bpO.WZzejHEpr9JYvBg/FnjUwEvBs6sdzq"], ["session_token", "NOZDGjVfgAJ0VkChzywQKg"]]
  ↳ app/controllers/users_controller.rb:13
  [1m[35m (5.7ms)[0m  [1m[35mCOMMIT[0m
  ↳ app/controllers/users_controller.rb:13
Completed 500 Internal Server Error in 205ms (ActiveRecord: 6.9ms)



NoMethodError - undefined method `reset_session_token!' for #<Class:0x00007fffe5d555d8>:
  app/controllers/application_controller.rb:19:in `log_in_user!'
  app/controllers/users_controller.rb:14:in `create'

Started POST "/__better_errors/258c756bb342b316/variables" for 127.0.0.1 at 2020-12-08 15:19:43 -0500
  [1m[36mUser Load (0.4ms)[0m  [1m[34mSELECT "users".* FROM "users"[0m
Started POST "/__better_errors/258c756bb342b316/eval" for ::1 at 2020-12-08 15:20:51 -0500
Started POST "/__better_errors/258c756bb342b316/eval" for ::1 at 2020-12-08 15:20:52 -0500
Started POST "/users" for ::1 at 2020-12-08 15:25:18 -0500
Processing by UsersController#create as HTML
  Parameters: {"authenticity_token"=>"vttrbUvlN49cXiKRzGHTT8kqxL6XFSX1F4BpsNI/m3L/zveVTfG7y2UygCKpDAVQl4lA0QYLR+uQukKORw9Aqw==", "user"=>{"email"=>"jujuju", "password"=>"[FILTERED]"}}
  [1m[35m (0.1ms)[0m  [1m[35mBEGIN[0m
  ↳ app/controllers/users_controller.rb:13
  [1m[36mUser Exists (0.3ms)[0m  [1m[34mSELECT  1 AS one FROM "users" WHERE "users"."email" = $1 LIMIT $2[0m  [["email", "jujuju"], ["LIMIT", 1]]
  ↳ app/controllers/users_controller.rb:13
  [1m[36mUser Exists (0.1ms)[0m  [1m[34mSELECT  1 AS one FROM "users" WHERE "users"."session_token" = $1 LIMIT $2[0m  [["session_token", "JNDOrkey00Knk75mK77x_g"], ["LIMIT", 1]]
  ↳ app/controllers/users_controller.rb:13
  [1m[35m (0.1ms)[0m  [1m[31mROLLBACK[0m
  ↳ app/controllers/users_controller.rb:13
  Rendering users/new.html.erb within layouts/application
  Rendered users/new.html.erb within layouts/application (0.2ms)
Completed 200 OK in 206ms (Views: 12.2ms | ActiveRecord: 3.5ms)


Started POST "/users" for ::1 at 2020-12-08 15:25:25 -0500
Processing by UsersController#create as HTML
  Parameters: {"authenticity_token"=>"tlGI6oVqDl+5SREaraxY5LGwns/eEADjGNQFievWWFX3RBQSg36CG4Als6nIwY777xMaoE8OYv2f7i63fuaDjA==", "user"=>{"email"=>"jujuju", "password"=>"[FILTERED]"}}
  [1m[35m (0.1ms)[0m  [1m[35mBEGIN[0m
  ↳ app/controllers/users_controller.rb:13
  [1m[36mUser Exists (0.3ms)[0m  [1m[34mSELECT  1 AS one FROM "users" WHERE "users"."email" = $1 LIMIT $2[0m  [["email", "jujuju"], ["LIMIT", 1]]
  ↳ app/controllers/users_controller.rb:13
  [1m[36mUser Exists (0.1ms)[0m  [1m[34mSELECT  1 AS one FROM "users" WHERE "users"."session_token" = $1 LIMIT $2[0m  [["session_token", "-N6j3w4Y3NbOq7SfOklDXg"], ["LIMIT", 1]]
  ↳ app/controllers/users_controller.rb:13
  [1m[35m (0.1ms)[0m  [1m[31mROLLBACK[0m
  ↳ app/controllers/users_controller.rb:13
  Rendering users/new.html.erb within layouts/application
  Rendered users/new.html.erb within layouts/application (0.3ms)
Completed 200 OK in 204ms (Views: 17.5ms | ActiveRecord: 0.6ms)


Started GET "/users" for ::1 at 2020-12-08 15:25:37 -0500

AbstractController::ActionNotFound - The action 'index' could not be found for UsersController:

Started POST "/__better_errors/b668e4847be9fa38/variables" for ::1 at 2020-12-08 15:25:37 -0500
Started POST "/__better_errors/b668e4847be9fa38/variables" for ::1 at 2020-12-08 15:25:38 -0500
Started GET "/users" for ::1 at 2020-12-08 15:25:40 -0500

AbstractController::ActionNotFound - The action 'index' could not be found for UsersController:

Started POST "/__better_errors/4b9c4c8e86bf8bd4/variables" for ::1 at 2020-12-08 15:25:40 -0500
Started GET "/users/new" for ::1 at 2020-12-08 15:25:41 -0500
Processing by UsersController#new as HTML
  Rendering users/new.html.erb within layouts/application
  Rendered users/new.html.erb within layouts/application (0.3ms)
Completed 200 OK in 19ms (Views: 18.7ms | ActiveRecord: 0.0ms)


Started POST "/users" for ::1 at 2020-12-08 15:25:51 -0500
Processing by UsersController#create as HTML
  Parameters: {"authenticity_token"=>"L7K3vbdpw0BOHdBKGwhF5jHso6kxF4YXc5cKkPJQJ/lupytFsX1PBHdxcvl+ZZP5b08nxqAJ5An0rSGuZ2D8IA==", "user"=>{"email"=>"zuzuzu", "password"=>"[FILTERED]"}}
  [1m[35m (0.2ms)[0m  [1m[35mBEGIN[0m
  ↳ app/controllers/users_controller.rb:13
  [1m[36mUser Exists (0.3ms)[0m  [1m[34mSELECT  1 AS one FROM "users" WHERE "users"."email" = $1 LIMIT $2[0m  [["email", "zuzuzu"], ["LIMIT", 1]]
  ↳ app/controllers/users_controller.rb:13
  [1m[36mUser Exists (0.1ms)[0m  [1m[34mSELECT  1 AS one FROM "users" WHERE "users"."session_token" = $1 LIMIT $2[0m  [["session_token", "3JFSfrdWx0_sifaBB0Ijiw"], ["LIMIT", 1]]
  ↳ app/controllers/users_controller.rb:13
  [1m[36mUser Create (0.2ms)[0m  [1m[32mINSERT INTO "users" ("email", "password_digest", "session_token") VALUES ($1, $2, $3) RETURNING "id"[0m  [["email", "zuzuzu"], ["password_digest", "$2a$12$0OLAnEBFb44FOn8CoabDuelED5zbmpg6mYQ9ki4uXIBEDKxqK6BCi"], ["session_token", "3JFSfrdWx0_sifaBB0Ijiw"]]
  ↳ app/controllers/users_controller.rb:13
  [1m[35m (0.2ms)[0m  [1m[35mCOMMIT[0m
  ↳ app/controllers/users_controller.rb:13
Completed 500 Internal Server Error in 198ms (ActiveRecord: 0.9ms)



NoMethodError - undefined method `session_token' for #<Class:0x00007f1761846910>:
  app/controllers/users_controller.rb:14:in `create'

Started POST "/__better_errors/1a5a88227b9921ce/variables" for ::1 at 2020-12-08 15:25:51 -0500
Started POST "/users" for ::1 at 2020-12-08 15:26:44 -0500
Processing by UsersController#create as HTML
  Parameters: {"authenticity_token"=>"L7K3vbdpw0BOHdBKGwhF5jHso6kxF4YXc5cKkPJQJ/lupytFsX1PBHdxcvl+ZZP5b08nxqAJ5An0rSGuZ2D8IA==", "user"=>{"email"=>"zuzuzu", "password"=>"[FILTERED]"}}
  [1m[35m (0.2ms)[0m  [1m[35mBEGIN[0m
  ↳ app/controllers/users_controller.rb:13
  [1m[36mUser Exists (0.3ms)[0m  [1m[34mSELECT  1 AS one FROM "users" WHERE "users"."email" = $1 LIMIT $2[0m  [["email", "zuzuzu"], ["LIMIT", 1]]
  ↳ app/controllers/users_controller.rb:13
  [1m[36mUser Exists (0.1ms)[0m  [1m[34mSELECT  1 AS one FROM "users" WHERE "users"."session_token" = $1 LIMIT $2[0m  [["session_token", "c5aVhbeVLK6OjcJ4LcbZLQ"], ["LIMIT", 1]]
  ↳ app/controllers/users_controller.rb:13
  [1m[35m (0.1ms)[0m  [1m[31mROLLBACK[0m
  ↳ app/controllers/users_controller.rb:13
  Rendering users/new.html.erb within layouts/application
  Rendered users/new.html.erb within layouts/application (0.2ms)
Completed 200 OK in 210ms (Views: 12.3ms | ActiveRecord: 3.1ms)


Started POST "/users" for ::1 at 2020-12-08 15:26:52 -0500
Processing by UsersController#create as HTML
  Parameters: {"authenticity_token"=>"cvxK98bs8An1ROxw8i5+CJ+D5Ws5Ukx4wyTwexDWfP4z6dYPwPh8TcwoTsOXQ6gXwSBhBKhMLmZEHttFheanJw==", "user"=>{"email"=>"zuzuzu", "password"=>"[FILTERED]"}}
  [1m[35m (0.1ms)[0m  [1m[35mBEGIN[0m
  ↳ app/controllers/users_controller.rb:13
  [1m[36mUser Exists (0.3ms)[0m  [1m[34mSELECT  1 AS one FROM "users" WHERE "users"."email" = $1 LIMIT $2[0m  [["email", "zuzuzu"], ["LIMIT", 1]]
  ↳ app/controllers/users_controller.rb:13
  [1m[36mUser Exists (0.3ms)[0m  [1m[34mSELECT  1 AS one FROM "users" WHERE "users"."session_token" = $1 LIMIT $2[0m  [["session_token", "1JXfHNWmxZqcbbadDs4y5A"], ["LIMIT", 1]]
  ↳ app/controllers/users_controller.rb:13
  [1m[35m (0.1ms)[0m  [1m[31mROLLBACK[0m
  ↳ app/controllers/users_controller.rb:13
  Rendering users/new.html.erb within layouts/application
  Rendered users/new.html.erb within layouts/application (0.3ms)
Completed 200 OK in 199ms (Views: 12.9ms | ActiveRecord: 0.8ms)


  [1m[36mUser Load (0.4ms)[0m  [1m[34mSELECT "users".* FROM "users"[0m
Started POST "/users" for ::1 at 2020-12-08 15:27:09 -0500
Processing by UsersController#create as HTML
  Parameters: {"authenticity_token"=>"NRsiBZL8PqP3UKFdshSn3d2LV0lvfa7CWWVwoyWe6a10Dr79lOiy5848A+7XeXHCgyjTJv5jzNzeX1udsK4ydA==", "user"=>{"email"=>"uuu", "password"=>"[FILTERED]"}}
  [1m[35m (0.1ms)[0m  [1m[35mBEGIN[0m
  ↳ app/controllers/users_controller.rb:13
  [1m[36mUser Exists (0.2ms)[0m  [1m[34mSELECT  1 AS one FROM "users" WHERE "users"."email" = $1 LIMIT $2[0m  [["email", "uuu"], ["LIMIT", 1]]
  ↳ app/controllers/users_controller.rb:13
  [1m[36mUser Exists (0.1ms)[0m  [1m[34mSELECT  1 AS one FROM "users" WHERE "users"."session_token" = $1 LIMIT $2[0m  [["session_token", "bzsfjJ422WVjY2cRDVTZug"], ["LIMIT", 1]]
  ↳ app/controllers/users_controller.rb:13
  [1m[36mUser Create (0.1ms)[0m  [1m[32mINSERT INTO "users" ("email", "password_digest", "session_token") VALUES ($1, $2, $3) RETURNING "id"[0m  [["email", "uuu"], ["password_digest", "$2a$12$UvNhucfkOPAlZKOMEq7BOuM3.bK8XO4ZjwBVQATSTb28G08sTDuHK"], ["session_token", "bzsfjJ422WVjY2cRDVTZug"]]
  ↳ app/controllers/users_controller.rb:13
  [1m[35m (1.0ms)[0m  [1m[35mCOMMIT[0m
  ↳ app/controllers/users_controller.rb:13
Completed 500 Internal Server Error in 189ms (ActiveRecord: 1.6ms)



ActionController::UrlGenerationError - No route matches {:action=>"show", :controller=>"users"}, missing required keys: [:id]:
  app/controllers/users_controller.rb:16:in `create'

Started POST "/__better_errors/dba1486e2bdce657/variables" for ::1 at 2020-12-08 15:27:09 -0500
Started GET "/users/new" for ::1 at 2020-12-08 15:27:31 -0500
Processing by UsersController#new as HTML
  Rendering users/new.html.erb within layouts/application
  Rendered users/new.html.erb within layouts/application (0.4ms)
Completed 200 OK in 20ms (Views: 13.5ms | ActiveRecord: 2.4ms)


Started POST "/users" for ::1 at 2020-12-08 15:27:40 -0500
Processing by UsersController#create as HTML
  Parameters: {"authenticity_token"=>"XE8oQpdHwxHsRbrVwwKsqH0ytlVS3oJaFbbSuEOTO8MdWrS6kVNPVdUpGGamb3q3I5EyOsPA4ESSjPmG1qPgGg==", "user"=>{"email"=>"tututu", "password"=>"[FILTERED]"}}
  [1m[35m (0.1ms)[0m  [1m[35mBEGIN[0m
  ↳ app/controllers/users_controller.rb:13
  [1m[36mUser Exists (0.3ms)[0m  [1m[34mSELECT  1 AS one FROM "users" WHERE "users"."email" = $1 LIMIT $2[0m  [["email", "tututu"], ["LIMIT", 1]]
  ↳ app/controllers/users_controller.rb:13
  [1m[36mUser Exists (0.3ms)[0m  [1m[34mSELECT  1 AS one FROM "users" WHERE "users"."session_token" = $1 LIMIT $2[0m  [["session_token", "YtWKURpGdlFll-s0jrfqpw"], ["LIMIT", 1]]
  ↳ app/controllers/users_controller.rb:13
  [1m[36mUser Create (0.2ms)[0m  [1m[32mINSERT INTO "users" ("email", "password_digest", "session_token") VALUES ($1, $2, $3) RETURNING "id"[0m  [["email", "tututu"], ["password_digest", "$2a$12$d7OxEROtVhQ.qLJyfTwnxOp2apndQL7Q1AIaEu7zUq.Ivm5KDfDra"], ["session_token", "YtWKURpGdlFll-s0jrfqpw"]]
  ↳ app/controllers/users_controller.rb:13
  [1m[35m (1.0ms)[0m  [1m[35mCOMMIT[0m
  ↳ app/controllers/users_controller.rb:13
Redirected to http://localhost:3000/users/6
Completed 302 Found in 187ms (ActiveRecord: 1.8ms)


Started GET "/users/6" for ::1 at 2020-12-08 15:27:41 -0500
Processing by UsersController#show as HTML
  Parameters: {"id"=>"6"}
  [1m[36mUser Load (0.1ms)[0m  [1m[34mSELECT  "users".* FROM "users" LIMIT $1[0m  [["LIMIT", 1]]
  ↳ app/controllers/users_controller.rb:23
  Rendering users/show.html.erb within layouts/application
  Rendered users/show.html.erb within layouts/application (0.3ms)
Completed 200 OK in 16ms (Views: 14.7ms | ActiveRecord: 0.3ms)


  [1m[36mUser Load (0.3ms)[0m  [1m[34mSELECT "users".* FROM "users"[0m
Started GET "/users/6" for ::1 at 2020-12-08 15:28:19 -0500
Processing by UsersController#show as HTML
  Parameters: {"id"=>"6"}
  [1m[36mUser Load (0.2ms)[0m  [1m[34mSELECT  "users".* FROM "users" LIMIT $1[0m  [["LIMIT", 1]]
  ↳ app/controllers/users_controller.rb:23
  Rendering users/show.html.erb within layouts/application
  Rendered users/show.html.erb within layouts/application (0.2ms)
Completed 200 OK in 14ms (Views: 13.0ms | ActiveRecord: 0.2ms)


Started GET "/users/6" for ::1 at 2020-12-08 15:28:20 -0500
Processing by UsersController#show as HTML
  Parameters: {"id"=>"6"}
  [1m[36mUser Load (0.2ms)[0m  [1m[34mSELECT  "users".* FROM "users" LIMIT $1[0m  [["LIMIT", 1]]
  ↳ app/controllers/users_controller.rb:23
  Rendering users/show.html.erb within layouts/application
  Rendered users/show.html.erb within layouts/application (0.2ms)
Completed 200 OK in 14ms (Views: 12.9ms | ActiveRecord: 0.2ms)


Started GET "/users/6" for ::1 at 2020-12-08 15:28:21 -0500
Processing by UsersController#show as HTML
  Parameters: {"id"=>"6"}
  [1m[36mUser Load (0.2ms)[0m  [1m[34mSELECT  "users".* FROM "users" LIMIT $1[0m  [["LIMIT", 1]]
  ↳ app/controllers/users_controller.rb:23
  Rendering users/show.html.erb within layouts/application
  Rendered users/show.html.erb within layouts/application (0.2ms)
Completed 200 OK in 15ms (Views: 13.7ms | ActiveRecord: 0.2ms)


Started GET "/users/6" for ::1 at 2020-12-08 15:28:21 -0500
Processing by UsersController#show as HTML
  Parameters: {"id"=>"6"}
  [1m[36mUser Load (0.3ms)[0m  [1m[34mSELECT  "users".* FROM "users" LIMIT $1[0m  [["LIMIT", 1]]
  ↳ app/controllers/users_controller.rb:23
  Rendering users/show.html.erb within layouts/application
  Rendered users/show.html.erb within layouts/application (0.3ms)
Completed 200 OK in 14ms (Views: 13.2ms | ActiveRecord: 0.3ms)


Started GET "/users/6" for ::1 at 2020-12-08 15:28:21 -0500
Processing by UsersController#show as HTML
  Parameters: {"id"=>"6"}
  [1m[36mUser Load (0.2ms)[0m  [1m[34mSELECT  "users".* FROM "users" LIMIT $1[0m  [["LIMIT", 1]]
  ↳ app/controllers/users_controller.rb:23
  Rendering users/show.html.erb within layouts/application
  Rendered users/show.html.erb within layouts/application (0.2ms)
Completed 200 OK in 19ms (Views: 18.1ms | ActiveRecord: 0.2ms)


Started GET "/users/6" for ::1 at 2020-12-08 15:28:21 -0500
Processing by UsersController#show as HTML
  Parameters: {"id"=>"6"}
  [1m[36mUser Load (0.1ms)[0m  [1m[34mSELECT  "users".* FROM "users" LIMIT $1[0m  [["LIMIT", 1]]
  ↳ app/controllers/users_controller.rb:23
  Rendering users/show.html.erb within layouts/application
  Rendered users/show.html.erb within layouts/application (0.2ms)
Completed 200 OK in 14ms (Views: 12.9ms | ActiveRecord: 0.1ms)


Started GET "/users/6" for ::1 at 2020-12-08 15:28:21 -0500
Processing by UsersController#show as HTML
  Parameters: {"id"=>"6"}
  [1m[36mUser Load (0.1ms)[0m  [1m[34mSELECT  "users".* FROM "users" LIMIT $1[0m  [["LIMIT", 1]]
  ↳ app/controllers/users_controller.rb:23
  Rendering users/show.html.erb within layouts/application
  Rendered users/show.html.erb within layouts/application (0.2ms)
Completed 200 OK in 13ms (Views: 12.6ms | ActiveRecord: 0.1ms)


Started GET "/users/6" for ::1 at 2020-12-08 15:28:22 -0500
Processing by UsersController#show as HTML
  Parameters: {"id"=>"6"}
  [1m[36mUser Load (0.3ms)[0m  [1m[34mSELECT  "users".* FROM "users" LIMIT $1[0m  [["LIMIT", 1]]
  ↳ app/controllers/users_controller.rb:23
  Rendering users/show.html.erb within layouts/application
  Rendered users/show.html.erb within layouts/application (0.2ms)
Completed 200 OK in 14ms (Views: 12.6ms | ActiveRecord: 0.3ms)


Started GET "/users/6" for ::1 at 2020-12-08 15:28:40 -0500
Processing by UsersController#show as HTML
  Parameters: {"id"=>"6"}
  [1m[36mUser Load (0.1ms)[0m  [1m[34mSELECT  "users".* FROM "users" LIMIT $1[0m  [["LIMIT", 1]]
  ↳ app/controllers/users_controller.rb:23
  Rendering users/show.html.erb within layouts/application
  Rendered users/show.html.erb within layouts/application (0.2ms)
Completed 200 OK in 14ms (Views: 13.4ms | ActiveRecord: 0.1ms)


Started GET "/users/6" for ::1 at 2020-12-08 15:28:43 -0500
Processing by UsersController#show as HTML
  Parameters: {"id"=>"6"}
  [1m[36mUser Load (0.1ms)[0m  [1m[34mSELECT  "users".* FROM "users" LIMIT $1[0m  [["LIMIT", 1]]
  ↳ app/controllers/users_controller.rb:23
  Rendering users/show.html.erb within layouts/application
  Rendered users/show.html.erb within layouts/application (0.2ms)
Completed 200 OK in 14ms (Views: 13.5ms | ActiveRecord: 0.1ms)


Started GET "/users/new" for ::1 at 2020-12-08 15:29:14 -0500
Processing by UsersController#new as HTML
  Rendering users/new.html.erb within layouts/application
  Rendered users/new.html.erb within layouts/application (0.3ms)
Completed 200 OK in 14ms (Views: 13.7ms | ActiveRecord: 0.0ms)


Started POST "/users" for ::1 at 2020-12-08 15:29:20 -0500
Processing by UsersController#create as HTML
  Parameters: {"authenticity_token"=>"McJ+FBEBHSKwEr+nAYEnHs/3o0JH0McPzFuMvhEF68Bw1+LsFxWRZol+HRRk7PEBkVQnLdbOpRFLYaeAhDUwGQ==", "user"=>{"email"=>"juan", "password"=>"[FILTERED]"}}
  [1m[35m (0.1ms)[0m  [1m[35mBEGIN[0m
  ↳ app/controllers/users_controller.rb:13
  [1m[36mUser Exists (0.3ms)[0m  [1m[34mSELECT  1 AS one FROM "users" WHERE "users"."email" = $1 LIMIT $2[0m  [["email", "juan"], ["LIMIT", 1]]
  ↳ app/controllers/users_controller.rb:13
  [1m[36mUser Exists (0.3ms)[0m  [1m[34mSELECT  1 AS one FROM "users" WHERE "users"."session_token" = $1 LIMIT $2[0m  [["session_token", "2UChfVOHdL2pHg25Qlgxsw"], ["LIMIT", 1]]
  ↳ app/controllers/users_controller.rb:13
  [1m[36mUser Create (0.2ms)[0m  [1m[32mINSERT INTO "users" ("email", "password_digest", "session_token") VALUES ($1, $2, $3) RETURNING "id"[0m  [["email", "juan"], ["password_digest", "$2a$12$QcU1BTFdzgRfs1NKU27C3ux9aGYia/cUQd/tgzZyBgly6Jdw5I3ji"], ["session_token", "2UChfVOHdL2pHg25Qlgxsw"]]
  ↳ app/controllers/users_controller.rb:13
  [1m[35m (1.0ms)[0m  [1m[35mCOMMIT[0m
  ↳ app/controllers/users_controller.rb:13
Redirected to http://localhost:3000/users/7
Completed 302 Found in 188ms (ActiveRecord: 1.8ms)


Started GET "/users/7" for ::1 at 2020-12-08 15:29:21 -0500
Processing by UsersController#show as HTML
  Parameters: {"id"=>"7"}
  [1m[36mUser Load (0.1ms)[0m  [1m[34mSELECT  "users".* FROM "users" LIMIT $1[0m  [["LIMIT", 1]]
  ↳ app/controllers/users_controller.rb:23
  Rendering users/show.html.erb within layouts/application
  Rendered users/show.html.erb within layouts/application (0.2ms)
Completed 200 OK in 15ms (Views: 14.2ms | ActiveRecord: 0.1ms)


  [1m[36mUser Load (0.3ms)[0m  [1m[34mSELECT "users".* FROM "users"[0m
Started GET "/users/new" for ::1 at 2020-12-08 15:29:36 -0500
  [1m[35m (0.6ms)[0m  [1m[34mSELECT "schema_migrations"."version" FROM "schema_migrations" ORDER BY "schema_migrations"."version" ASC[0m
  ↳ /home/juansanchez/.rbenv/versions/2.5.1/lib/ruby/gems/2.5.0/gems/activerecord-5.2.4.4/lib/active_record/log_subscriber.rb:98
Processing by UsersController#new as HTML
  Rendering users/new.html.erb within layouts/application
  Rendered users/new.html.erb within layouts/application (0.8ms)
Completed 200 OK in 164ms (Views: 154.2ms | ActiveRecord: 3.0ms)


Started POST "/users" for ::1 at 2020-12-08 15:29:43 -0500
Processing by UsersController#create as HTML
  Parameters: {"authenticity_token"=>"AkRBRYvv8GZ2z1vCS2m5wVX0d6wFP+NvQsVpv5VQYDlDUd29jft8Ik+j+XEuBG/eC1fzw5QhgXHF/0KBAGC74A==", "user"=>{"email"=>"juansanch", "password"=>"[FILTERED]"}}
  [1m[35m (0.2ms)[0m  [1m[35mBEGIN[0m
  ↳ app/controllers/users_controller.rb:13
  [1m[36mUser Exists (16.9ms)[0m  [1m[34mSELECT  1 AS one FROM "users" WHERE "users"."email" = $1 LIMIT $2[0m  [["email", "juansanch"], ["LIMIT", 1]]
  ↳ app/controllers/users_controller.rb:13
  [1m[36mUser Exists (0.3ms)[0m  [1m[34mSELECT  1 AS one FROM "users" WHERE "users"."session_token" = $1 LIMIT $2[0m  [["session_token", "d40CcPmid_05NXIQoWwj5g"], ["LIMIT", 1]]
  ↳ app/controllers/users_controller.rb:13
  [1m[36mUser Create (0.3ms)[0m  [1m[32mINSERT INTO "users" ("email", "password_digest", "session_token") VALUES ($1, $2, $3) RETURNING "id"[0m  [["email", "juansanch"], ["password_digest", "$2a$12$D6Q27lGZgJwd2Dp8Crm5B.VSGzgXS7Etxicm2M7uwLXWGHlPDXTAe"], ["session_token", "d40CcPmid_05NXIQoWwj5g"]]
  ↳ app/controllers/users_controller.rb:13
  [1m[35m (4.7ms)[0m  [1m[35mCOMMIT[0m
  ↳ app/controllers/users_controller.rb:13
Redirected to http://localhost:3000/users/8
Completed 302 Found in 211ms (ActiveRecord: 22.3ms)


Started GET "/users/8" for ::1 at 2020-12-08 15:29:43 -0500
Processing by UsersController#show as HTML
  Parameters: {"id"=>"8"}
  [1m[36mUser Load (0.2ms)[0m  [1m[34mSELECT  "users".* FROM "users" LIMIT $1[0m  [["LIMIT", 1]]
  ↳ app/controllers/users_controller.rb:23
  Rendering users/show.html.erb within layouts/application
  Rendered users/show.html.erb within layouts/application (0.2ms)
Completed 200 OK in 15ms (Views: 13.1ms | ActiveRecord: 0.3ms)


Started GET "/users/8" for ::1 at 2020-12-08 15:30:19 -0500
Processing by UsersController#show as HTML
  Parameters: {"id"=>"8"}
  [1m[36mUser Load (0.2ms)[0m  [1m[34mSELECT  "users".* FROM "users" LIMIT $1[0m  [["LIMIT", 1]]
  ↳ app/controllers/users_controller.rb:23
  Rendering users/show.html.erb within layouts/application
  Rendered users/show.html.erb within layouts/application (0.4ms)
Completed 200 OK in 15ms (Views: 13.8ms | ActiveRecord: 0.2ms)


Started GET "/users/8" for ::1 at 2020-12-08 15:32:34 -0500
Processing by UsersController#show as HTML
  Parameters: {"id"=>"8"}
  [1m[36mUser Load (0.2ms)[0m  [1m[34mSELECT  "users".* FROM "users" LIMIT $1[0m  [["LIMIT", 1]]
  ↳ app/controllers/users_controller.rb:23
  Rendering users/show.html.erb within layouts/application
  Rendered users/show.html.erb within layouts/application (0.3ms)
Completed 200 OK in 15ms (Views: 13.8ms | ActiveRecord: 0.2ms)


Started GET "/users/new" for ::1 at 2020-12-08 15:32:43 -0500
Processing by UsersController#new as HTML
  Rendering users/new.html.erb within layouts/application
  Rendered users/new.html.erb within layouts/application (0.5ms)
Completed 200 OK in 15ms (Views: 14.5ms | ActiveRecord: 0.0ms)


Started POST "/users" for ::1 at 2020-12-08 15:32:51 -0500
Processing by UsersController#create as HTML
  Parameters: {"authenticity_token"=>"YyJ5J+ok4dzOarEqE70+BdxziUnjMqXooo+fbLtQXl08lCLN1n7iYyqN3k4A+hZ76+ZqhpjiAuw8duHrwkoXcA==", "user"=>{"email"=>"hahaha", "password"=>"[FILTERED]"}}
  [1m[35m (0.1ms)[0m  [1m[35mBEGIN[0m
  ↳ app/controllers/users_controller.rb:13
  [1m[36mUser Exists (0.2ms)[0m  [1m[34mSELECT  1 AS one FROM "users" WHERE "users"."email" = $1 LIMIT $2[0m  [["email", "hahaha"], ["LIMIT", 1]]
  ↳ app/controllers/users_controller.rb:13
  [1m[36mUser Exists (0.1ms)[0m  [1m[34mSELECT  1 AS one FROM "users" WHERE "users"."session_token" = $1 LIMIT $2[0m  [["session_token", "R8XoV4Q1CHdL2lXD8TkqSA"], ["LIMIT", 1]]
  ↳ app/controllers/users_controller.rb:13
  [1m[36mUser Create (0.2ms)[0m  [1m[32mINSERT INTO "users" ("email", "password_digest", "session_token") VALUES ($1, $2, $3) RETURNING "id"[0m  [["email", "hahaha"], ["password_digest", "$2a$12$HIviq.hJ2Pa2CSEVr2NJT.kHk/VOcq2BO53dY9l4Bvax8ig4vYhX2"], ["session_token", "R8XoV4Q1CHdL2lXD8TkqSA"]]
  ↳ app/controllers/users_controller.rb:13
  [1m[35m (1.0ms)[0m  [1m[35mCOMMIT[0m
  ↳ app/controllers/users_controller.rb:13
Redirected to http://localhost:3000/users/9
Completed 302 Found in 187ms (ActiveRecord: 1.7ms)


Started GET "/users/9" for ::1 at 2020-12-08 15:32:51 -0500
Processing by UsersController#show as HTML
  Parameters: {"id"=>"9"}
  [1m[36mUser Load (0.2ms)[0m  [1m[34mSELECT  "users".* FROM "users" LIMIT $1[0m  [["LIMIT", 1]]
  ↳ app/controllers/users_controller.rb:23
  Rendering users/show.html.erb within layouts/application
  Rendered users/show.html.erb within layouts/application (0.2ms)
Completed 200 OK in 15ms (Views: 14.1ms | ActiveRecord: 0.2ms)


  [1m[36mUser Load (0.4ms)[0m  [1m[34mSELECT "users".* FROM "users"[0m
Started GET "/users/9" for ::1 at 2020-12-08 15:37:28 -0500
Processing by UsersController#show as HTML
  Parameters: {"id"=>"9"}
  [1m[36mUser Load (0.2ms)[0m  [1m[34mSELECT  "users".* FROM "users" WHERE "users"."id" = $1 LIMIT $2[0m  [["id", 9], ["LIMIT", 1]]
  ↳ app/controllers/users_controller.rb:23
  Rendering users/show.html.erb within layouts/application
  Rendered users/show.html.erb within layouts/application (0.3ms)
Completed 200 OK in 22ms (Views: 13.6ms | ActiveRecord: 2.9ms)


Started GET "/users/8" for ::1 at 2020-12-08 15:37:35 -0500
Processing by UsersController#show as HTML
  Parameters: {"id"=>"8"}
  [1m[36mUser Load (0.3ms)[0m  [1m[34mSELECT  "users".* FROM "users" WHERE "users"."id" = $1 LIMIT $2[0m  [["id", 8], ["LIMIT", 1]]
  ↳ app/controllers/users_controller.rb:23
  Rendering users/show.html.erb within layouts/application
  Rendered users/show.html.erb within layouts/application (0.3ms)
Completed 200 OK in 14ms (Views: 13.1ms | ActiveRecord: 0.3ms)


Started GET "/users/3" for ::1 at 2020-12-08 15:37:40 -0500
Processing by UsersController#show as HTML
  Parameters: {"id"=>"3"}
  [1m[36mUser Load (0.3ms)[0m  [1m[34mSELECT  "users".* FROM "users" WHERE "users"."id" = $1 LIMIT $2[0m  [["id", 3], ["LIMIT", 1]]
  ↳ app/controllers/users_controller.rb:23
  Rendering users/show.html.erb within layouts/application
  Rendered users/show.html.erb within layouts/application (0.3ms)
Completed 200 OK in 15ms (Views: 13.8ms | ActiveRecord: 0.3ms)


Started GET "/users/new" for ::1 at 2020-12-08 15:37:46 -0500
Processing by UsersController#new as HTML
  Rendering users/new.html.erb within layouts/application
  Rendered users/new.html.erb within layouts/application (0.3ms)
Completed 200 OK in 15ms (Views: 15.0ms | ActiveRecord: 0.0ms)


Started POST "/users" for ::1 at 2020-12-08 15:37:55 -0500
Processing by UsersController#create as HTML
  Parameters: {"authenticity_token"=>"p4zQwpW0xT/WcU1QigFYiSjWF+Wl70Y76rXsgO55xx/4Oosoqe7GgDKWIjSZRnD3H0P0Kt4/4T90TJIHl2OOMg==", "user"=>{"email"=>"anothertest", "password"=>"[FILTERED]"}}
  [1m[35m (0.2ms)[0m  [1m[35mBEGIN[0m
  ↳ app/controllers/users_controller.rb:13
  [1m[36mUser Exists (0.3ms)[0m  [1m[34mSELECT  1 AS one FROM "users" WHERE "users"."email" = $1 LIMIT $2[0m  [["email", "anothertest"], ["LIMIT", 1]]
  ↳ app/controllers/users_controller.rb:13
  [1m[36mUser Exists (0.1ms)[0m  [1m[34mSELECT  1 AS one FROM "users" WHERE "users"."session_token" = $1 LIMIT $2[0m  [["session_token", "Ky3Pf3me9MJiIny5kxk2Dg"], ["LIMIT", 1]]
  ↳ app/controllers/users_controller.rb:13
  [1m[36mUser Create (0.2ms)[0m  [1m[32mINSERT INTO "users" ("email", "password_digest", "session_token") VALUES ($1, $2, $3) RETURNING "id"[0m  [["email", "anothertest"], ["password_digest", "$2a$12$.hzbVDvD5WqD4rW5SSqwd.VIP7p6TO2uCmtc9dd9QKbTcgeJJcYWO"], ["session_token", "Ky3Pf3me9MJiIny5kxk2Dg"]]
  ↳ app/controllers/users_controller.rb:13
  [1m[35m (1.0ms)[0m  [1m[35mCOMMIT[0m
  ↳ app/controllers/users_controller.rb:13
Redirected to http://localhost:3000/users/10
Completed 302 Found in 191ms (ActiveRecord: 1.7ms)


Started GET "/users/10" for ::1 at 2020-12-08 15:37:55 -0500
Processing by UsersController#show as HTML
  Parameters: {"id"=>"10"}
  [1m[36mUser Load (0.3ms)[0m  [1m[34mSELECT  "users".* FROM "users" WHERE "users"."id" = $1 LIMIT $2[0m  [["id", 10], ["LIMIT", 1]]
  ↳ app/controllers/users_controller.rb:23
  Rendering users/show.html.erb within layouts/application
  Rendered users/show.html.erb within layouts/application (0.3ms)
Completed 200 OK in 16ms (Views: 14.9ms | ActiveRecord: 0.3ms)


Started GET "/users/10" for ::1 at 2020-12-08 15:38:40 -0500
Processing by UsersController#show as HTML
  Parameters: {"id"=>"10"}
  [1m[36mUser Load (0.1ms)[0m  [1m[34mSELECT  "users".* FROM "users" LIMIT $1[0m  [["LIMIT", 1]]
  ↳ app/controllers/users_controller.rb:23
  Rendering users/show.html.erb within layouts/application
  Rendered users/show.html.erb within layouts/application (0.3ms)
Completed 200 OK in 22ms (Views: 14.0ms | ActiveRecord: 2.9ms)


